2020-11-17 10:50:09,928 INFO Building and pruning tree
2020-11-17 10:50:09,928 INFO Adding root node
2020-11-17 10:50:09,931 INFO Choosing best split
2020-11-17 10:50:09,931 INFO Computing covariate impurity reduction for 0
2020-11-17 10:50:10,416 INFO Computing covariate impurity reduction for 1
2020-11-17 10:50:10,915 INFO Choosing best split
2020-11-17 10:50:10,916 INFO Computing covariate impurity reduction for 0
2020-11-17 10:50:11,175 INFO Computing covariate impurity reduction for 1
2020-11-17 10:50:11,428 INFO Choosing best split
2020-11-17 10:50:11,428 INFO Computing covariate impurity reduction for 0
2020-11-17 10:50:11,453 INFO Computing covariate impurity reduction for 1
2020-11-17 10:50:11,482 INFO Stopped at 1 < 3.308528430779547: all data points are of the same class
2020-11-17 10:50:11,484 INFO Stopped at 1 >= 3.308528430779547: all data points are of the same class
2020-11-17 10:50:11,486 INFO Stopped at 0 >= 4.452409599160356: all data points are of the same class
2020-11-17 10:50:11,488 INFO Choosing best split
2020-11-17 10:50:11,488 INFO Computing covariate impurity reduction for 0
2020-11-17 10:50:11,733 INFO Computing covariate impurity reduction for 1
2020-11-17 10:50:11,971 INFO Stopped at 0 < 7.548204542527349: all data points are of the same class
2020-11-17 10:50:11,973 INFO Stopped at 0 >= 7.548204542527349: all data points are of the same class
2020-11-17 10:50:11,974 INFO Pruning tree with alpha = 0.01
2020-11-17 10:50:12,000 INFO Computed alpha* = 0.004999999999999999
2020-11-17 10:50:12,000 INFO Pruning subtree rooted at 0 < 4.452409599160356
2020-11-17 10:50:12,013 INFO alpha* = 0.024999999999999998. Tree is optimally pruned
2020-11-17 10:53:59,708 INFO Building tree without pruning
2020-11-17 10:53:59,709 INFO Adding root node
2020-11-17 10:53:59,716 INFO Choosing best split
2020-11-17 10:53:59,716 INFO Computing covariate impurity reduction for 0
2020-11-17 10:54:00,225 INFO Computing covariate impurity reduction for 1
2020-11-17 10:54:00,721 INFO Choosing best split
2020-11-17 10:54:00,721 INFO Computing covariate impurity reduction for 0
2020-11-17 10:54:00,979 INFO Computing covariate impurity reduction for 1
2020-11-17 10:54:01,239 INFO Choosing best split
2020-11-17 10:54:01,240 INFO Computing covariate impurity reduction for 0
2020-11-17 10:54:01,262 INFO Computing covariate impurity reduction for 1
2020-11-17 10:54:01,288 INFO Stopped at 1 < 3.308528430779547: all data points are of the same class
2020-11-17 10:54:01,290 INFO Stopped at 1 >= 3.308528430779547: all data points are of the same class
2020-11-17 10:54:01,292 INFO Stopped at 0 >= 4.452409599160356: all data points are of the same class
2020-11-17 10:54:01,295 INFO Choosing best split
2020-11-17 10:54:01,295 INFO Computing covariate impurity reduction for 0
2020-11-17 10:54:01,531 INFO Computing covariate impurity reduction for 1
2020-11-17 10:54:01,774 INFO Stopped at 0 < 7.548204542527349: all data points are of the same class
2020-11-17 10:54:01,777 INFO Stopped at 0 >= 7.548204542527349: all data points are of the same class
2020-11-17 10:54:52,428 INFO Building and pruning tree
2020-11-17 10:54:52,428 INFO Adding root node
2020-11-17 10:54:52,431 INFO Choosing best split
2020-11-17 10:54:52,431 INFO Computing covariate impurity reduction for 0
2020-11-17 10:54:52,916 INFO Computing covariate impurity reduction for 1
2020-11-17 10:54:53,426 INFO Choosing best split
2020-11-17 10:54:53,426 INFO Computing covariate impurity reduction for 0
2020-11-17 10:54:53,688 INFO Computing covariate impurity reduction for 1
2020-11-17 10:54:53,948 INFO Choosing best split
2020-11-17 10:54:53,948 INFO Computing covariate impurity reduction for 0
2020-11-17 10:54:53,970 INFO Computing covariate impurity reduction for 1
2020-11-17 10:54:53,998 INFO Stopped at 1 < 3.308528430779547: all data points are of the same class
2020-11-17 10:54:54,001 INFO Stopped at 1 >= 3.308528430779547: all data points are of the same class
2020-11-17 10:54:54,003 INFO Stopped at 0 >= 4.452409599160356: all data points are of the same class
2020-11-17 10:54:54,007 INFO Choosing best split
2020-11-17 10:54:54,007 INFO Computing covariate impurity reduction for 0
2020-11-17 10:54:54,252 INFO Computing covariate impurity reduction for 1
2020-11-17 10:54:54,491 INFO Stopped at 0 < 7.548204542527349: all data points are of the same class
2020-11-17 10:54:54,493 INFO Stopped at 0 >= 7.548204542527349: all data points are of the same class
2020-11-17 10:54:54,493 INFO Pruning tree with alpha = 0.01
2020-11-17 10:54:54,517 INFO Computed alpha* = 0.004999999999999999
2020-11-17 10:54:54,517 INFO Pruning subtree rooted at 0 < 4.452409599160356
2020-11-17 10:54:54,530 INFO alpha* = 0.024999999999999998. Tree is optimally pruned
